"../../../Engine/Content/Functions/Engine_MaterialFunctions01/Opacity/CameraDepthFade.uasset" 0
"../../../Engine/Content/EngineMaterials/T_Default_Material_Grid_M.uasset" 1
"../../../Engine/Content/EngineMaterials/T_Default_Material_Grid_N.uasset" 2
"../../../Engine/Content/EngineMaterials/WorldGridMaterial.uasset" 3
"../../../Engine/Content/ArtTools/RenderToTexture/Meshes/S_1_Unit_Plane.uasset" 4
"../../../Engine/Content/EngineMaterials/DefaultPhysicalMaterial.uasset" 5
"../../../Engine/Content/BufferVisualization/AmbientOcclusion.uasset" 6
"../../../Engine/Content/BufferVisualization/BaseColor.uasset" 7
"../../../Engine/Content/BufferVisualization/CustomDepth.uasset" 8
"../../../Engine/Content/Functions/Engine_MaterialFunctions02/Utility/VectorLength.uasset" 9
"../../../Engine/Content/BufferVisualization/CustomDepthWorldUnits.uasset" 10
"../../../Engine/Content/Functions/Engine_MaterialFunctions02/Utility/BreakOutFloat2Components.uasset" 11
"../../../Engine/Content/Functions/Engine_MaterialFunctions01/Texturing/ScaleUVsByCenter.uasset" 12
"../../../Engine/Content/Functions/Engine_MaterialFunctions02/ScreenResolution.uasset" 13
"../../../Engine/Content/Functions/Engine_MaterialFunctions02/Texturing/ScreenAlignedUVs.uasset" 14
"../../../Engine/Content/Functions/Engine_MaterialFunctions02/Utility/MakeFloat2.uasset" 15
"../../../Engine/Content/Functions/Engine_MaterialFunctions02/Utility/MakeFloat3.uasset" 16
"../../../Engine/Content/EngineMaterials/MiniFont.uasset" 17
"../../../Engine/Content/BufferVisualization/CustomStencil.uasset" 18
"../../../Engine/Content/BufferVisualization/FinalImage.uasset" 19
"../../../Engine/Content/BufferVisualization/LightingModel.uasset" 20
"../../../Engine/Content/BufferVisualization/MaterialAO.uasset" 21
"../../../Engine/Content/BufferVisualization/Metallic.uasset" 22
"../../../Engine/Content/BufferVisualization/Opacity.uasset" 23
"../../../Engine/Content/BufferVisualization/PostTonemapHDRColor.uasset" 24
"../../../Engine/Content/BufferVisualization/PreTonemapHDRColor.uasset" 25
"../../../Engine/Content/BufferVisualization/Roughness.uasset" 26
"../../../Engine/Content/BufferVisualization/SceneColor.uasset" 27
"../../../Engine/Content/BufferVisualization/SceneDepth.uasset" 28
"../../../Engine/Content/BufferVisualization/SceneDepthWorldUnits.uasset" 29
"../../../Engine/Content/BufferVisualization/SeparateTranslucencyA.uasset" 30
"../../../Engine/Content/BufferVisualization/SeparateTranslucencyRGB.uasset" 31
"../../../Engine/Content/BufferVisualization/Specular.uasset" 32
"../../../Engine/Content/BufferVisualization/SubsurfaceColor.uasset" 33
"../../../Engine/Content/BufferVisualization/WorldNormal.uasset" 34
"../../../Engine/Content/EditorLandscapeResources/DataLayer.uasset" 35
"../../../Engine/Content/EditorLandscapeResources/DefaultAlphaTexture.uasset" 36
"../../../Engine/Content/EditorLandscapeResources/LandscapeGizmo_Mat.uasset" 37
"../../../Engine/Content/EditorLandscapeResources/LandscapeGizmo_Mat_Copied.uasset" 38
"../../../Engine/Content/EditorLandscapeResources/LandscapeGizmoHeight_Mat.uasset" 39
"../../../Engine/Content/EditorLandscapeResources/SplineEditorMeshMat.uasset" 40
"../../../Engine/Content/EditorLandscapeResources/SplineEditorMesh.uasset" 41
"../../../Engine/Content/EditorMaterials/Cross.uasset" 42
"../../../Engine/Content/EditorMaterials/Cross_Mat.uasset" 43
"../../../Engine/Content/EditorMaterials/GizmoMaterial.uasset" 44
"../../../Engine/Content/Functions/Engine_MaterialFunctions02/Utility/Sign.uasset" 45
"../../../Engine/Content/Functions/Engine_MaterialFunctions02/Utility/Round.uasset" 46
"../../../Engine/Content/Functions/Engine_MaterialFunctions02/ExampleContent/Textures/flipbook.uasset" 47
"../../../Engine/Content/Functions/Engine_MaterialFunctions02/Texturing/FlipBook.uasset" 48
"../../../Engine/Content/EditorResources/T_EditorHelp.uasset" 49
"../../../Engine/Content/EditorMaterials/HelpActorMaterial.uasset" 50
"../../../Engine/Content/EditorMaterials/CompositeARGBLayer.uasset" 51
"../../../Engine/Content/EditorMaterials/TilingAALineIntegral.uasset" 52
"../../../Engine/Content/EditorMaterials/TilingAALineBoxFiltered.uasset" 53
"../../../Engine/Content/Functions/Engine_MaterialFunctions03/Procedurals/ComputeFilterWidth.uasset" 54
"../../../Engine/Content/EditorMaterials/TilingAADots.uasset" 55
"../../../Engine/Content/EditorMaterials/Cascade/CASC_Cross.uasset" 56
"../../../Engine/Content/EditorMaterials/Cascade/CASC_None.uasset" 57
"../../../Engine/Content/Functions/Engine_MaterialFunctions03/Blends/Blend_Screen.uasset" 58
"../../../Engine/Content/EditorMaterials/TilingAAGrid.uasset" 59
"../../../Engine/Content/EditorMaterials/LevelGridMaterial.uasset" 60
"../../../Engine/Content/EditorMaterials/MakeCompositeARGBLayer.uasset" 61
"../../../Engine/Content/EditorResources/LevelGrid1DStripes.uasset" 62
"../../../Engine/Content/EditorMaterials/TextureGridCascaded1D.uasset" 63
"../../../Engine/Content/EditorMaterials/TextureGridCascaded2D.uasset" 64
"../../../Engine/Content/EditorMaterials/LevelGridMaterial2.uasset" 65
"../../../Engine/Content/EditorMaterials/MAT_Groups_Toggle.uasset" 66
"../../../Engine/Content/EditorMaterials/MAT_Groups_Visibility.uasset" 67
"../../../Engine/Content/EditorMaterials/PhAT_BoneSelectedMaterial.uasset" 68
"../../../Engine/Content/EditorMaterials/PhAT_ElemSelectedMaterial.uasset" 69
"../../../Engine/Content/EditorMaterials/PhAT_NoCollisionMaterial.uasset" 70
"../../../Engine/Content/EditorMaterials/PhAT_UnselectedMaterial.uasset" 71
"../../../Engine/Content/EditorMaterials/PreviewShadowIndicator.uasset" 72
"../../../Engine/Content/EditorMaterials/PreviewShadowIndicatorMaterial.uasset" 73
"../../../Engine/Content/EditorMaterials/TargetIcon.uasset" 74
"../../../Engine/Content/EditorMaterials/Tick.uasset" 75
"../../../Engine/Content/EditorMaterials/Tick_Mat.uasset" 76
"../../../Engine/Content/EditorMaterials/WidgetGridVertexColorMaterial.uasset" 77
"../../../Engine/Content/EditorMaterials/WidgetGridVertexColorMaterial_Ma.uasset" 78
"../../../Engine/Content/EditorMaterials/WidgetMaterial.uasset" 79
"../../../Engine/Content/EditorMaterials/WidgetMaterial_Current.uasset" 80
"../../../Engine/Content/EditorMaterials/WidgetMaterial_X.uasset" 81
"../../../Engine/Content/EditorMaterials/WidgetMaterial_Y.uasset" 82
"../../../Engine/Content/EditorMaterials/WidgetMaterial_Z.uasset" 83
"../../../Engine/Content/EditorMaterials/WidgetVertexColorMaterial.uasset" 84
"../../../Engine/Content/EditorMaterials/AssetViewer/EpicQuadPanorama_CC+EV1.uasset" 85
"../../../Engine/Content/EditorMaterials/MatineeGroups/MAT_ColorTrack.uasset" 86
"../../../Engine/Content/EditorMaterials/MatineeGroups/MAT_Groups_Anim.uasset" 87
"../../../Engine/Content/EditorMaterials/MatineeGroups/MAT_Groups_AudioMaster.uasset" 88
"../../../Engine/Content/EditorMaterials/MatineeGroups/MAT_Groups_Director.uasset" 89
"../../../Engine/Content/EditorMaterials/MatineeGroups/MAT_Groups_Event.uasset" 90
"../../../Engine/Content/EditorMaterials/MatineeGroups/MAT_Groups_Fade.uasset" 91
"../../../Engine/Content/EditorMaterials/MatineeGroups/MAT_Groups_Float.uasset" 92
"../../../Engine/Content/EditorMaterials/MatineeGroups/MAT_Groups_Move.uasset" 93
"../../../Engine/Content/EditorMaterials/MatineeGroups/MAT_Groups_Slomo.uasset" 94
"../../../Engine/Content/EditorMaterials/MatineeGroups/MAT_Groups_Sound.uasset" 95
"../../../Engine/Content/EditorMaterials/MatineeGroups/MAT_Groups_Vector.uasset" 96
"../../../Engine/Content/EditorMaterials/ParticleSystems/PSysThumbnail_NoImage.uasset" 97
"../../../Engine/Content/EditorMaterials/ParticleSystems/PSysThumbnail_OOD.uasset" 98
"../../../Engine/Content/EngineMaterials/Grid.uasset" 99
"../../../Engine/Content/EditorMaterials/Thumbnails/FloorPlaneMaterial.uasset" 100
"../../../Engine/Content/EditorMeshes/EditorCylinder.uasset" 101
"../../../Engine/Content/EditorMeshes/EditorPlane.uasset" 102
"../../../Engine/Content/EditorMaterials/Thumbnails/SkySphereMaterial.uasset" 103
"../../../Engine/Content/EditorMeshes/EditorSkySphere.uasset" 104
"../../../Engine/Content/EditorMeshes/EditorSphere.uasset" 105
"../../../Engine/Content/EditorResources/MatineeCam_D.uasset" 106
"../../../Engine/Content/EditorMaterials/MatineeCam_mat.uasset" 107
"../../../Engine/Content/EditorMeshes/MatineeCam_SM.uasset" 108
"../../../Engine/Content/EditorMaterials/Camera/CineMat.uasset" 109
"../../../Engine/Content/EditorMaterials/Camera/MI_CineMat_CameraBody.uasset" 110
"../../../Engine/Content/EngineDebugMaterials/M_SimpleOpaque.uasset" 111
"../../../Engine/Content/EditorMaterials/Camera/MI_CineMat_CamViewFinder.uasset" 112
"../../../Engine/Content/EditorMeshes/Camera/SM_CineCam.uasset" 113
"../../../Engine/Content/EditorMaterials/Camera/MI_CineMat_Rig.uasset" 114
"../../../Engine/Content/EditorMeshes/Camera/SM_CraneRig_Arm.uasset" 115
"../../../Engine/Content/EditorMeshes/Camera/SM_CraneRig_Base.uasset" 116
"../../../Engine/Content/EditorMeshes/Camera/SM_CraneRig_Body.uasset" 117
"../../../Engine/Content/EditorMeshes/Camera/SM_CraneRig_Mount.uasset" 118
"../../../Engine/Content/EditorMeshes/Camera/SM_RailRig_Mount.uasset" 119
"../../../Engine/Content/EditorMeshes/Camera/SM_RailRig_Track.uasset" 120
"../../../Engine/Content/EditorResources/Bad.uasset" 121
"../../../Engine/Content/EditorResources/BSPVertex.uasset" 122
"../../../Engine/Content/EditorResources/MatInstActSprite.uasset" 123
"../../../Engine/Content/EditorResources/RGBTable16x1_AssetViewer.uasset" 124
"../../../Engine/Content/EditorResources/S_Actor.uasset" 125
"../../../Engine/Content/EditorResources/S_DecalActorIcon.uasset" 126
"../../../Engine/Content/EditorResources/S_Emitter.uasset" 127
"../../../Engine/Content/EditorResources/S_ExpoHeightFog.uasset" 128
"../../../Engine/Content/EditorResources/S_FTest.uasset" 129
"../../../Engine/Content/EditorResources/S_KBSJoint.uasset" 130
"../../../Engine/Content/EditorResources/S_KHinge.uasset" 131
"../../../Engine/Content/EditorResources/S_KPrismatic.uasset" 132
"../../../Engine/Content/EditorResources/S_LevelSequence.uasset" 133
"../../../Engine/Content/EditorResources/S_NavP.uasset" 134
"../../../Engine/Content/EditorResources/S_Note.uasset" 135
"../../../Engine/Content/EditorResources/S_Player.uasset" 136
"../../../Engine/Content/EditorResources/S_PortalActorIcon2.uasset" 137
"../../../Engine/Content/EditorResources/S_RadForce.uasset" 138
"../../../Engine/Content/EditorResources/S_ReflActorIcon.uasset" 139
"../../../Engine/Content/EditorResources/S_Terrain.uasset" 140
"../../../Engine/Content/EditorResources/S_TextRenderActorIcon.uasset" 141
"../../../Engine/Content/EditorResources/S_Thruster.uasset" 142
"../../../Engine/Content/EditorResources/S_Trigger.uasset" 143
"../../../Engine/Content/EditorResources/S_VectorFieldVol.uasset" 144
"../../../Engine/Content/EditorResources/S_WindDirectional.uasset" 145
"../../../Engine/Content/EditorResources/SceneManager.uasset" 146
"../../../Engine/Content/EditorResources/SmallFont.uasset" 147
"../../../Engine/Content/EditorResources/AI/S_NavLink.uasset" 148
"../../../Engine/Content/EditorResources/LightIcons/S_LightDirectional.uasset" 149
"../../../Engine/Content/EditorResources/LightIcons/S_LightDirectionalMove.uasset" 150
"../../../Engine/Content/EditorResources/LightIcons/S_LightError.uasset" 151
"../../../Engine/Content/EditorResources/LightIcons/S_LightPoint.uasset" 152
"../../../Engine/Content/EditorResources/LightIcons/S_LightPointMove.uasset" 153
"../../../Engine/Content/EditorResources/LightIcons/S_LightSpot.uasset" 154
"../../../Engine/Content/EditorResources/LightIcons/S_LightSpotMove.uasset" 155
"../../../Engine/Content/EditorResources/LightIcons/SkyLight.uasset" 156
"../../../Engine/Content/EditorResources/SequenceRecorder/Countdown.uasset" 157
"../../../Engine/Content/EditorResources/SequenceRecorder/RecordingIndicator.uasset" 158
"../../../Engine/Content/EditorResources/Spline/T_Loft_Spline.uasset" 159
"../../../Engine/Content/EditorSounds/GamePreview/EndPlayInEditor.uasset" 160
"../../../Engine/Content/EditorSounds/GamePreview/EndPlayInEditor_Cue.uasset" 161
"../../../Engine/Content/EditorSounds/Notifications/CompileFailed.uasset" 162
"../../../Engine/Content/EditorSounds/Notifications/CompileFailed_Cue.uasset" 163
"../../../Engine/Content/EditorSounds/Notifications/CompileSuccess.uasset" 164
"../../../Engine/Content/EditorSounds/Notifications/CompileStart_Cue.uasset" 165
"../../../Engine/Content/EditorSounds/Notifications/CompileSuccess_Cue.uasset" 166
"../../../Engine/Content/EngineDamageTypes/DmgTypeBP_Environmental.uasset" 167
"../../../Engine/Content/EngineDebugMaterials/HeatmapGradient.uasset" 168
"../../../Engine/Content/EngineDebugMaterials/BoneWeightMaterial.uasset" 169
"../../../Engine/Content/EngineDebugMaterials/DebugMeshMaterial.uasset" 170
"../../../Engine/Content/EngineDebugMaterials/GeomMaterial.uasset" 171
"../../../Engine/Content/Functions/Engine_MaterialFunctions01/Shading/ConvertFromDiffSpec.uasset" 172
"../../../Engine/Content/EngineDebugMaterials/LevelColorationLitMaterial.uasset" 173
"../../../Engine/Content/EngineDebugMaterials/LevelColorationUnlitMaterial.uasset" 174
"../../../Engine/Content/EngineDebugMaterials/M_SimpleTranslucent.uasset" 175
"../../../Engine/Content/EngineMaterials/DefaultWhiteGrid.uasset" 176
"../../../Engine/Content/EngineDebugMaterials/MAT_LevelColorationLitLightmapUV.uasset" 177
"../../../Engine/Content/EngineDebugMaterials/ShadedLevelColorationLitMaterial.uasset" 178
"../../../Engine/Content/EngineDebugMaterials/ShadedLevelColorationUnlitMateri.uasset" 179
"../../../Engine/Content/EngineDebugMaterials/VertexColorMaterial.uasset" 180
"../../../Engine/Content/EngineDebugMaterials/VertexColorViewMode_AlphaAsColor.uasset" 181
"../../../Engine/Content/EngineDebugMaterials/VertexColorViewMode_BlueOnly.uasset" 182
"../../../Engine/Content/EngineDebugMaterials/VertexColorViewMode_ColorOnly.uasset" 183
"../../../Engine/Content/EngineDebugMaterials/VertexColorViewMode_GreenOnly.uasset" 184
"../../../Engine/Content/EngineDebugMaterials/VertexColorViewMode_RedOnly.uasset" 185
"../../../Engine/Content/EngineDebugMaterials/WireframeMaterial.uasset" 186
"../../../Engine/Content/EngineFonts/Faces/RobotoBold.uasset" 187
"../../../Engine/Content/EngineFonts/Faces/RobotoBoldItalic.uasset" 188
"../../../Engine/Content/EngineFonts/Faces/RobotoItalic.uasset" 189
"../../../Engine/Content/EngineFonts/Faces/RobotoLight.uasset" 190
"../../../Engine/Content/EngineFonts/Faces/RobotoRegular.uasset" 191
"../../../Engine/Content/EngineFonts/Roboto.uasset" 192
"../../../Engine/Content/EngineFonts/Faces/RobotoTiny.uasset" 193
"../../../Engine/Content/EngineFonts/RobotoTiny.uasset" 194
"../../../Engine/Content/EngineFonts/SmallFont.uasset" 195
"../../../Engine/Content/EngineFonts/TinyFont.uasset" 196
"../../../Engine/Content/EngineResources/WhiteSquareTexture.uasset" 197
"../../../Engine/Content/EngineMaterials/BlinkingCaret.uasset" 198
"../../../Engine/Content/EngineMaterials/DefaultBokeh.uasset" 199
"../../../Engine/Content/EngineMaterials/DefaultDiffuse.uasset" 200
"../../../Engine/Content/EngineMaterials/DefaultDeferredDecalMaterial.uasset" 201
"../../../Engine/Content/EngineMaterials/DefaultLightFunctionMaterial.uasset" 202
"../../../Engine/Content/EngineMaterials/DefaultNormal.uasset" 203
"../../../Engine/Content/EngineMaterials/DefaultPostProcessMaterial.uasset" 204
"../../../Engine/Content/EngineFonts/RobotoDistanceField.uasset" 205
"../../../Engine/Content/EngineMaterials/DefaultTextMaterialOpaque.uasset" 206
"../../../Engine/Content/EngineMaterials/EditorBrushMaterial.uasset" 207
"../../../Engine/Content/EngineMaterials/Good64x64TilingNoiseHighFreq.uasset" 208
"../../../Engine/Content/EngineMaterials/Grid_N.uasset" 209
"../../../Engine/Content/EngineMaterials/HighResolutionScreenshotMaskFunction.uasset" 210
"../../../Engine/Content/EngineMaterials/HighResScreenshot.uasset" 211
"../../../Engine/Content/EngineMaterials/HighResScreenshotCaptureRegion.uasset" 212
"../../../Engine/Content/EngineMaterials/HighResScreenshotMask.uasset" 213
"../../../Engine/Content/EngineMaterials/LandscapeHolePhysicalMaterial.uasset" 214
"../../../Engine/Content/EngineMaterials/InvalidLightmapSettings.uasset" 215
"../../../Engine/Content/EngineMaterials/M_InvalidLightmapSettings.uasset" 216
"../../../Engine/Content/EngineMaterials/PaperDiffuse.uasset" 217
"../../../Engine/Content/EngineMaterials/PaperNormal.uasset" 218
"../../../Engine/Content/EngineMaterials/PhAT_JointLimitMaterial.uasset" 219
"../../../Engine/Content/EngineMaterials/PhysMat_Rubber.uasset" 220
"../../../Engine/Content/EngineMaterials/PreintegratedSkinBRDF.uasset" 221
"../../../Engine/Content/EngineMaterials/RemoveSurfaceMaterial.uasset" 222
"../../../Engine/Content/EngineMaterials/WeightMapPlaceholderTexture.uasset" 223
"../../../Engine/Content/EngineMaterials/Widget3DPassThrough.uasset" 224
"../../../Engine/Content/EngineMaterials/Widget3DPassThrough_Masked.uasset" 225
"../../../Engine/Content/EngineMaterials/Widget3DPassThrough_Opaque.uasset" 226
"../../../Engine/Content/EngineMaterials/Widget3DPassThrough_Masked_OneSided.uasset" 227
"../../../Engine/Content/EngineMaterials/Widget3DPassThrough_Opaque_OneSided.uasset" 228
"../../../Engine/Content/EngineMaterials/Widget3DPassThrough_Translucent.uasset" 229
"../../../Engine/Content/EngineMaterials/Widget3DPassThrough_Translucent_OneSided.uasset" 230
"../../../Engine/Content/EngineMaterials/DefaultMaterial.uasset" 231
"../../../Engine/Content/EngineMeshes/Cube.uasset" 232
"../../../Engine/Content/EngineMeshes/Cylinder.uasset" 233
"../../../Engine/Content/EngineMeshes/Sphere.uasset" 234
"../../../Engine/Content/EngineResources/Black.uasset" 235
"../../../Engine/Content/EngineResources/DefaultTexture.uasset" 236
"../../../Engine/Content/EngineResources/DefaultTextureCube.uasset" 237
"../../../Engine/Content/EngineResources/GradientTexture0.uasset" 238
"../../../Engine/Content/EngineResources/StreamingPauseIcon.uasset" 239
"../../../Engine/Content/EngineResources/M_StreamingPause.uasset" 240
"../../../Engine/Content/EngineSounds/Master.uasset" 241
"../../../Engine/Content/Functions/Engine_MaterialFunctions01/Shading/PowerToRoughness.uasset" 242
"../../../Engine/Content/Maps/Templates/Thumbnails/Default.uasset" 243
"../../../Engine/Content/Maps/Templates/Thumbnails/VR-Basic.uasset" 244
"../../../Engine/Content/MapTemplates/Sky/DaylightAmbientCubemap.uasset" 245
"../../../Engine/Content/MobileResources/T_MobileControls_texture.uasset" 246
"../../../Engine/Content/MobileResources/T_MobileMenu2.uasset" 247
"../../../Engine/Content/MobileResources/HUD/AnalogHat.uasset" 248
"../../../Engine/Content/MobileResources/HUD/VirtualJoystick_Background.uasset" 249
"../../../Engine/Content/MobileResources/HUD/VirtualJoystick_Thumb.uasset" 250
"../../../Engine/Content/MobileResources/HUD/DefaultVirtualJoysticks.uasset" 251
"../../../Engine/Content/MobileResources/HUD/LeftVirtualJoystickOnly.uasset" 252
"../../../Engine/Content/MobileResources/HUD/MobileHUDButton1_off.uasset" 253
"../../../Engine/Content/MobileResources/HUD/MobileHUDButton1_on.uasset" 254
"../../../Engine/Content/MobileResources/HUD/MobileHUDButton2_off.uasset" 255
"../../../Engine/Content/MobileResources/HUD/MobileHUDButton2_on.uasset" 256
"../../../Engine/Content/MobileResources/HUD/MobileHUDButton3.uasset" 257
"../../../Engine/Content/MobileResources/HUD/MobileHUDButtonFire.uasset" 258
"../../../Engine/Content/MobileResources/HUD/MobileHUDDirectionPad.uasset" 259
"../../../Engine/Content/MobileResources/HUD/MobileHUDDirectionPad2.uasset" 260
"../../../Engine/Content/MobileResources/HUD/MobileHUDDirectionPad3.uasset" 261
"../../../Engine/Content/MobileResources/HUD/MobileHUDDirectionStick.uasset" 262
"../../../Engine/Content/MobileResources/HUD/T_Castle_ThumbstickInner.uasset" 263
"../../../Engine/Content/MobileResources/HUD/T_Castle_ThumbstickOutter.uasset" 264
"../../../Engine/Content/Tutorial/ContentIntroCurve.uasset" 265
"../../../Engine/Content/Tutorial/Basics/TutorialAssets/icon_tab_Levels_40x.uasset" 266
"../../../Engine/Content/Tutorial/BlueprintTutorials/TutorialAssets/Blueprint_64x.uasset" 267
"../../../Engine/Content/Tutorial/BlueprintTutorials/TutorialAssets/BlueprintInterface_64x.uasset" 268
"../../../Engine/Content/Tutorial/BlueprintTutorials/TutorialAssets/BlueprintMacroLibrary_64x.uasset" 269
"../../../Engine/Content/Tutorial/BlueprintTutorials/TutorialAssets/Tutorial_BP_Interface.uasset" 270
"../../../Engine/Content/Tutorial/Foliage/TutorialAssets/Foliage.uasset" 271
"../../../Engine/Content/Tutorial/Landscape/TutorialAssets/Landscape.uasset" 272
"../../../Engine/Content/Tutorial/Paper2D/TutorialAssets/Paper2DFlipbook_TutorialIcon.uasset" 273
"../../../Engine/Content/Tutorial/Paper2D/TutorialAssets/Paper2DSprite_TutorialIcon.uasset" 274
"../../../Engine/Content/Tutorial/SubEditors/TutorialAssets/icon_Editor_Preferences_General_40x.uasset" 275
"../../../Engine/Content/Tutorial/SubEditors/TutorialAssets/icon_ShowSkeletalMeshes_40x.uasset" 276
"../../../Engine/Content/EditorMeshes/EditorCube.uasset" 277
"../../../Engine/Content/Tutorial/SubEditors/TutorialAssets/Tutorial_DM.uasset" 278
"../../../Engine/Content/Tutorial/SubEditors/TutorialAssets/TutorialMaterial.uasset" 279
"../../../Engine/Content/Tutorial/SubEditors/TutorialAssets/T_SmokeSubUV_8X8.uasset" 280
"../../../Engine/Content/Tutorial/SubEditors/TutorialAssets/T_soft_smoke.uasset" 281
"../../../Engine/Content/Tutorial/SubEditors/TutorialAssets/M_smoke_subUV_blackbody.uasset" 282
"../../../Engine/Content/Tutorial/SubEditors/TutorialAssets/TutorialParticleSystem.uasset" 283
"../../../Engine/Content/VREditor/Devices/Generic/GenericHMDMaterial.uasset" 284
"../../../Engine/Content/VREditor/Devices/Generic/GenericHMD.uasset" 285
"../../../Engine/Content/VREditor/FloatingText/LineMaterial.uasset" 286
"../../../Engine/Content/VREditor/FloatingText/JointSphere.uasset" 287
"../../../Engine/Content/VREditor/FloatingText/LineSegmentCylinder.uasset" 288
"../../../Engine/Content/VREditor/Fonts/VRText_RobotoLarge.uasset" 289
"../../../Engine/Content/VREditor/Fonts/VRTextMaterial.uasset" 290
"../../../Engine/Content/VREditor/Fonts/TranslucentVRTextMaterial.uasset" 291
"../../../Engine/Content/VREditor/LaserPointer/VR_LaserPower_01.uasset" 292
"../../../Engine/Content/VREditor/LaserPointer/LaserPointerMaterial.uasset" 293
"../../../Engine/Content/VREditor/LaserPointer/LaserPointerMaterialInst.uasset" 294
"../../../Engine/Content/VREditor/LaserPointer/TranslucentLaserPointerMaterialInst.uasset" 295
"../../../Engine/Content/VREditor/LaserPointer/LaserPointerMesh.uasset" 296
"../../../Engine/Content/VREditor/Sounds/VR_grab_Cue.uasset" 297
"../../../Engine/Content/VREditor/Sounds/VR_teleport_Cue.uasset" 298
"../../../Engine/Content/VREditor/TransformGizmo/TransformGizmoMaterial.uasset" 299
"../../../Engine/Content/VREditor/TransformGizmo/TranslucentTransformGizmoMaterial.uasset" 300
"../../../Engine/Content/VREditor/TransformGizmo/BoundingBoxCorner.uasset" 301
"../../../Engine/Content/VREditor/TransformGizmo/BoundingBoxEdge.uasset" 302
"../../../Engine/Content/VREditor/TransformGizmo/PlaneTranslationHandle.uasset" 303
"../../../Engine/Content/VREditor/TransformGizmo/RotationHandle.uasset" 304
"../../../Engine/Content/VREditor/TransformGizmo/RotationHandleFull.uasset" 305
"../../../Engine/Content/VREditor/TransformGizmo/StretchingHandle.uasset" 306
"../../../Engine/Content/VREditor/TransformGizmo/TranslateHandleLong.uasset" 307
"../../../Engine/Content/VREditor/TransformGizmo/TranslationHandle.uasset" 308
"../../../Engine/Content/VREditor/TransformGizmo/UniformScaleHandle.uasset" 309
"../../../Engine/Content/VREditor/UI/CloseButtonMesh.uasset" 310
"../../../Engine/Content/VREditor/UI/SelectionBarMesh.uasset" 311
"../../../Engine/Content/Functions/Engine_MaterialFunctions01/Gradient/RadialGradient.uasset" 312
"../../../Engine/Content/VREditor/WorldMovementGrid/SimpleGrid.uasset" 313
"../../../Engine/Content/VREditor/WorldMovementGrid/GridMaterial.uasset" 314
"../../../Engine/Content/Functions/Engine_MaterialFunctions01/Density/ExponentialDensity.uasset" 315
"../../../Engine/Content/VREditor/WorldMovementGrid/GridPostProcess.uasset" 316
"../../../Engine/Content/EditorLandscapeResources/FlattenHeightMat.uasset" 317
"../../../Engine/Content/VREditor/WorldMovementGrid/PlaneMesh.uasset" 318
"../../../G54GAM_cw2/Content/NoDefault.uasset" 319
"../../../Engine/Plugins/2D/Paper2D/Content/DummySprite.uasset" 320
"../../../Engine/Plugins/2D/Paper2D/Content/DefaultPaperTerrainMaterial.uasset" 321
"../../../Engine/Plugins/2D/Paper2D/Content/DefaultSpriteMaterial.uasset" 322
"../../../Engine/Plugins/2D/Paper2D/Content/MaskedUnlitSpriteMaterial.uasset" 323
"../../../Engine/Plugins/2D/Paper2D/Content/OpaqueUnlitSpriteMaterial.uasset" 324
"../../../Engine/Plugins/2D/Paper2D/Content/PlaceholderTextures/DummySpriteTexture.uasset" 325
"../../../Engine/Content/EditorBlueprintResources/StandardMacros.uasset" 326
"../../../G54GAM_cw2/Content/Characters/Enums/ClassEnum.uasset" 327
"../../../Engine/Plugins/2D/Paper2D/Content/TranslucentUnlitSpriteMaterial.uasset" 328
"../../../G54GAM_cw2/Content/Characters/Sources/beige_spriteSheet.uasset" 329
"../../../G54GAM_cw2/Content/Characters/Sprites/Beige/beige_spriteSheet_Sprite_0.uasset" 330
"../../../G54GAM_cw2/Content/Characters/FlipBooks/Beige/beige_done.uasset" 331
"../../../G54GAM_cw2/Content/Characters/Sprites/Beige/beige_spriteSheet_Sprite_6.uasset" 332
"../../../G54GAM_cw2/Content/Characters/Sprites/Beige/beige_spriteSheet_Sprite_9.uasset" 333
"../../../G54GAM_cw2/Content/Characters/FlipBooks/Beige/beige_idle.uasset" 334
"../../../G54GAM_cw2/Content/Characters/Sprites/Beige/beige_spriteSheet_Sprite_7.uasset" 335
"../../../G54GAM_cw2/Content/Characters/Sprites/Beige/beige_spriteSheet_Sprite_8.uasset" 336
"../../../G54GAM_cw2/Content/Characters/FlipBooks/Beige/beige_jumping.uasset" 337
"../../../G54GAM_cw2/Content/Characters/Sprites/Beige/beige_spriteSheet_Sprite_10.uasset" 338
"../../../G54GAM_cw2/Content/Characters/FlipBooks/Beige/beige_walking.uasset" 339
"../../../G54GAM_cw2/Content/Characters/Sources/green_spriteSheet.uasset" 340
"../../../G54GAM_cw2/Content/Characters/Sprites/Green/green_spriteSheet_Sprite_0.uasset" 341
"../../../G54GAM_cw2/Content/Characters/FlipBooks/Green/green_done.uasset" 342
"../../../G54GAM_cw2/Content/Characters/Sprites/Green/green_spriteSheet_Sprite_6.uasset" 343
"../../../G54GAM_cw2/Content/Characters/Sprites/Green/green_spriteSheet_Sprite_9.uasset" 344
"../../../G54GAM_cw2/Content/Characters/FlipBooks/Green/green_idle.uasset" 345
"../../../G54GAM_cw2/Content/Characters/Sprites/Green/green_spriteSheet_Sprite_7.uasset" 346
"../../../G54GAM_cw2/Content/Characters/Sprites/Green/green_spriteSheet_Sprite_8.uasset" 347
"../../../G54GAM_cw2/Content/Characters/FlipBooks/Green/green_jumping.uasset" 348
"../../../G54GAM_cw2/Content/Characters/Sprites/Green/green_spriteSheet_Sprite_10.uasset" 349
"../../../G54GAM_cw2/Content/Characters/FlipBooks/Green/green_walking.uasset" 350
"../../../G54GAM_cw2/Content/Characters/Sources/pink_spriteSheet.uasset" 351
"../../../G54GAM_cw2/Content/Characters/Sprites/Pink/pink_spriteSheet_Sprite_0.uasset" 352
"../../../G54GAM_cw2/Content/Characters/FlipBooks/Pink/pink_done.uasset" 353
"../../../G54GAM_cw2/Content/Characters/Sprites/Pink/pink_spriteSheet_Sprite_6.uasset" 354
"../../../G54GAM_cw2/Content/Characters/Sprites/Pink/pink_spriteSheet_Sprite_9.uasset" 355
"../../../G54GAM_cw2/Content/Characters/FlipBooks/Pink/pink_idle.uasset" 356
"../../../G54GAM_cw2/Content/Characters/Sprites/Pink/pink_spriteSheet_Sprite_7.uasset" 357
"../../../G54GAM_cw2/Content/Characters/Sprites/Pink/pink_spriteSheet_Sprite_8.uasset" 358
"../../../G54GAM_cw2/Content/Characters/FlipBooks/Pink/pink_jumping.uasset" 359
"../../../G54GAM_cw2/Content/Characters/Sprites/Pink/pink_spriteSheet_Sprite_10.uasset" 360
"../../../G54GAM_cw2/Content/Characters/FlipBooks/Pink/pink_walking.uasset" 361
"../../../G54GAM_cw2/Content/Characters/Sources/yellow_spriteSheet.uasset" 362
"../../../G54GAM_cw2/Content/Characters/Sprites/Yellow/yellow_spriteSheet_Sprite_0.uasset" 363
"../../../G54GAM_cw2/Content/Characters/FlipBooks/yellow/yellow_done.uasset" 364
"../../../G54GAM_cw2/Content/Characters/Sprites/Yellow/yellow_spriteSheet_Sprite_6.uasset" 365
"../../../G54GAM_cw2/Content/Characters/Sprites/Yellow/yellow_spriteSheet_Sprite_9.uasset" 366
"../../../G54GAM_cw2/Content/Characters/FlipBooks/yellow/yellow_idle.uasset" 367
"../../../G54GAM_cw2/Content/Characters/Sprites/Yellow/yellow_spriteSheet_Sprite_7.uasset" 368
"../../../G54GAM_cw2/Content/Characters/Sprites/Yellow/yellow_spriteSheet_Sprite_8.uasset" 369
"../../../G54GAM_cw2/Content/Characters/FlipBooks/yellow/yellow_jumping.uasset" 370
"../../../G54GAM_cw2/Content/Characters/Sprites/Yellow/yellow_spriteSheet_Sprite_10.uasset" 371
"../../../G54GAM_cw2/Content/Characters/FlipBooks/yellow/yellow_walking.uasset" 372
"../../../G54GAM_cw2/Content/Characters/Sources/currentArrow.uasset" 373
"../../../G54GAM_cw2/Content/Characters/Sprites/currentArrow_Sprite.uasset" 374
"../../../G54GAM_cw2/Content/Characters/Blueprints/Base/character_base.uasset" 375
"../../../G54GAM_cw2/Content/Characters/Blueprints/Subs/yellow_character.uasset" 376
"../../../G54GAM_cw2/Content/Interactive_Objects/Blueprints/Bases/BaseClasses/flag_base.uasset" 377
"../../../G54GAM_cw2/Content/Interactive_Objects/Images/beige_flag_sheet.uasset" 378
"../../../G54GAM_cw2/Content/Interactive_Objects/Sprites/beige_flag_sheet_Sprite_0.uasset" 379
"../../../G54GAM_cw2/Content/Interactive_Objects/Sprites/beige_flag_sheet_Sprite_1.uasset" 380
"../../../G54GAM_cw2/Content/Interactive_Objects/Flipbooks/beige_flag.uasset" 381
"../../../G54GAM_cw2/Content/Interactive_Objects/Blueprints/SubClasses/Flags/beige_flag.uasset" 382
"../../../G54GAM_cw2/Content/Interactive_Objects/Images/green_flag_sheet.uasset" 383
"../../../G54GAM_cw2/Content/Interactive_Objects/Sprites/green_flag_sheet_Sprite_0.uasset" 384
"../../../G54GAM_cw2/Content/Interactive_Objects/Sprites/green_flag_sheet_Sprite_1.uasset" 385
"../../../G54GAM_cw2/Content/Interactive_Objects/Flipbooks/green_flag.uasset" 386
"../../../G54GAM_cw2/Content/Interactive_Objects/Blueprints/SubClasses/Flags/green_flag.uasset" 387
"../../../G54GAM_cw2/Content/Interactive_Objects/Images/pink_flag_sheet.uasset" 388
"../../../G54GAM_cw2/Content/Interactive_Objects/Sprites/pink_flag_sheet_Sprite_0.uasset" 389
"../../../G54GAM_cw2/Content/Interactive_Objects/Sprites/pink_flag_sheet_Sprite_1.uasset" 390
"../../../G54GAM_cw2/Content/Interactive_Objects/Flipbooks/pink_flag.uasset" 391
"../../../G54GAM_cw2/Content/Interactive_Objects/Blueprints/SubClasses/Flags/pink_flag.uasset" 392
"../../../G54GAM_cw2/Content/Interactive_Objects/Images/yellow_flag_sheet.uasset" 393
"../../../G54GAM_cw2/Content/Interactive_Objects/Sprites/yellow_flag_sheet_Sprite_0.uasset" 394
"../../../G54GAM_cw2/Content/Interactive_Objects/Sprites/yellow_flag_sheet_Sprite_1.uasset" 395
"../../../G54GAM_cw2/Content/Interactive_Objects/Flipbooks/yellow_flag.uasset" 396
"../../../G54GAM_cw2/Content/Interactive_Objects/Blueprints/SubClasses/Flags/yellow_flag.uasset" 397
"../../../G54GAM_cw2/Content/Interactive_Objects/Blueprints/Bases/BaseClasses/door_base.uasset" 398
"../../../G54GAM_cw2/Content/Interactive_Objects/Images/beige_magic_door.uasset" 399
"../../../G54GAM_cw2/Content/Interactive_Objects/Sprites/beige_magic_door_Sprite.uasset" 400
"../../../G54GAM_cw2/Content/Interactive_Objects/Blueprints/SubClasses/Doors/MagicDoors/beige_magic_door.uasset" 401
"../../../G54GAM_cw2/Content/Interactive_Objects/Images/green_magic_door.uasset" 402
"../../../G54GAM_cw2/Content/Interactive_Objects/Sprites/green_magic_door_Sprite.uasset" 403
"../../../G54GAM_cw2/Content/Interactive_Objects/Blueprints/SubClasses/Doors/MagicDoors/green_magic_door.uasset" 404
"../../../G54GAM_cw2/Content/Interactive_Objects/Images/pink_magic_door.uasset" 405
"../../../G54GAM_cw2/Content/Interactive_Objects/Sprites/pink_magic_door_Sprite.uasset" 406
"../../../G54GAM_cw2/Content/Interactive_Objects/Blueprints/SubClasses/Doors/MagicDoors/pink_magic_door.uasset" 407
"../../../G54GAM_cw2/Content/Interactive_Objects/Images/yellow_magic_door.uasset" 408
"../../../G54GAM_cw2/Content/Interactive_Objects/Sprites/yellow_magic_door_Sprite.uasset" 409
"../../../G54GAM_cw2/Content/Interactive_Objects/Blueprints/SubClasses/Doors/MagicDoors/yellow_magic_door.uasset" 410
"../../../G54GAM_cw2/Content/TileAssets/Platform_Tiles/Images/grass_tilesheetPadded.uasset" 411
"../../../G54GAM_cw2/Content/TileAssets/Platform_Tiles/TileSets/grass_tilesheet_TileSet.uasset" 412
"../../../G54GAM_cw2/Content/TileAssets/Platform_Tiles/Images/tiles_spritesheetPadded.uasset" 413
"../../../G54GAM_cw2/Content/TileAssets/Platform_Tiles/TileSets/tiles_spritesheet_TileSet.uasset" 414
"../../../G54GAM_cw2/Content/Levels/Level_4/Level_4_TileMap.uasset" 415
"../../../G54GAM_cw2/Content/Levels/S_TO_START.uasset" 416
"../../../G54GAM_cw2/Content/Levels/Level_4/Level_4.umap" 417
"../../../G54GAM_cw2/Content/Levels/Intro/Intro_Level.umap" 418
"../../../G54GAM_cw2/Content/Characters/Blueprints/Subs/green_character.uasset" 419
"../../../G54GAM_cw2/Content/Interactive_Objects/Blueprints/Bases/BaseClasses/activated_base.uasset" 420
"../../../G54GAM_cw2/Content/Interactive_Objects/Blueprints/Bases/BaseClasses/elevator_base.uasset" 421
"../../../G54GAM_cw2/Content/Levels/Level_1/Level_1_TileMap.uasset" 422
"../../../G54GAM_cw2/Content/Levels/Level_1/Level_1.umap" 423
"../../../G54GAM_cw2/Content/Characters/Blueprints/Subs/pink_character.uasset" 424
"../../../G54GAM_cw2/Content/Interactive_Objects/Blueprints/Bases/BaseClasses/button_base.uasset" 425
"../../../G54GAM_cw2/Content/Items/Item_Assets/Images/buttonBeige_pressed.uasset" 426
"../../../G54GAM_cw2/Content/Interactive_Objects/Sprites/buttonBeige_pressed_Sprite.uasset" 427
"../../../G54GAM_cw2/Content/Items/Item_Assets/Images/buttonBeige.uasset" 428
"../../../G54GAM_cw2/Content/Interactive_Objects/Sprites/buttonBeige_Sprite.uasset" 429
"../../../G54GAM_cw2/Content/Interactive_Objects/Blueprints/SubClasses/Buttons/beige_button.uasset" 430
"../../../G54GAM_cw2/Content/Interactive_Objects/Images/green_transformer_background.uasset" 431
"../../../G54GAM_cw2/Content/Interactive_Objects/Sprites/green_transformer_background_Sprite.uasset" 432
"../../../G54GAM_cw2/Content/Interactive_Objects/Images/transformer_base.uasset" 433
"../../../G54GAM_cw2/Content/Interactive_Objects/Sprites/transformer_base_Sprite.uasset" 434
"../../../G54GAM_cw2/Content/Interactive_Objects/Blueprints/Bases/BaseClasses/transformer_base.uasset" 435
"../../../G54GAM_cw2/Content/Interactive_Objects/Images/beige_transformer_background.uasset" 436
"../../../G54GAM_cw2/Content/Interactive_Objects/Sprites/beige_transformer_background_Sprite.uasset" 437
"../../../G54GAM_cw2/Content/Interactive_Objects/Blueprints/SubClasses/Transformers/beige_transformer.uasset" 438
"../../../G54GAM_cw2/Content/Interactive_Objects/Blueprints/Bases/BaseClasses/travelator_base.uasset" 439
"../../../G54GAM_cw2/Content/Items/Item_Assets/Images/buttonGreen_pressed.uasset" 440
"../../../G54GAM_cw2/Content/Interactive_Objects/Sprites/buttonGreen_pressed_Sprite.uasset" 441
"../../../G54GAM_cw2/Content/Items/Item_Assets/Images/buttonGreen.uasset" 442
"../../../G54GAM_cw2/Content/Interactive_Objects/Sprites/buttonGreen_Sprite.uasset" 443
"../../../G54GAM_cw2/Content/Interactive_Objects/Blueprints/SubClasses/Buttons/green_button.uasset" 444
"../../../G54GAM_cw2/Content/Items/Item_Assets/Images/buttonPink.uasset" 445
"../../../G54GAM_cw2/Content/Interactive_Objects/Sprites/buttonPink_Sprite.uasset" 446
"../../../G54GAM_cw2/Content/Items/Item_Assets/Images/buttonPink_pressed.uasset" 447
"../../../G54GAM_cw2/Content/Items/Item_Assets/Sprites/buttonPink_pressed_Sprite.uasset" 448
"../../../G54GAM_cw2/Content/Interactive_Objects/Blueprints/SubClasses/Buttons/pink_button.uasset" 449
"../../../G54GAM_cw2/Content/Items/Item_Assets/Images/buttonYellow_pressed.uasset" 450
"../../../G54GAM_cw2/Content/Interactive_Objects/Sprites/buttonYellow_pressed_Sprite.uasset" 451
"../../../G54GAM_cw2/Content/Items/Item_Assets/Images/buttonYellow.uasset" 452
"../../../G54GAM_cw2/Content/Items/Item_Assets/Sprites/buttonYellow_Sprite.uasset" 453
"../../../G54GAM_cw2/Content/Interactive_Objects/Blueprints/SubClasses/Buttons/yellow_button.uasset" 454
"../../../G54GAM_cw2/Content/Interactive_Objects/Images/closed_door.uasset" 455
"../../../G54GAM_cw2/Content/Interactive_Objects/Sprites/closed_door_Sprite.uasset" 456
"../../../G54GAM_cw2/Content/Interactive_Objects/Images/open_door.uasset" 457
"../../../G54GAM_cw2/Content/Interactive_Objects/Sprites/open_door_Sprite.uasset" 458
"../../../G54GAM_cw2/Content/Interactive_Objects/Blueprints/SubClasses/Doors/regular_door.uasset" 459
"../../../G54GAM_cw2/Content/Interactive_Objects/Images/yellow_activatable_platform.uasset" 460
"../../../G54GAM_cw2/Content/Interactive_Objects/Sprites/yellow_activatable_platform_Sprite.uasset" 461
"../../../G54GAM_cw2/Content/Interactive_Objects/Blueprints/SubClasses/Elevators/yellow_elevator.uasset" 462
"../../../G54GAM_cw2/Content/Interactive_Objects/Images/yellow_transformer_background.uasset" 463
"../../../G54GAM_cw2/Content/Interactive_Objects/Sprites/yellow_transformer_background_Sprite.uasset" 464
"../../../G54GAM_cw2/Content/Interactive_Objects/Blueprints/SubClasses/Transformers/yellow_transformer.uasset" 465
"../../../G54GAM_cw2/Content/Interactive_Objects/Images/green_activatable_platform.uasset" 466
"../../../G54GAM_cw2/Content/Interactive_Objects/Sprites/green_activatable_platform_Sprite.uasset" 467
"../../../G54GAM_cw2/Content/Interactive_Objects/Blueprints/SubClasses/Travelators/green_travelator.uasset" 468
"../../../G54GAM_cw2/Content/Levels/Level_10/Level_10_TileMap.uasset" 469
"../../../G54GAM_cw2/Content/Levels/Level_10/Level_10.umap" 470
"../../../G54GAM_cw2/Content/Levels/Level_11/Level_11_TileMap.uasset" 471
"../../../G54GAM_cw2/Content/Levels/Level_11/Level_11.umap" 472
"../../../G54GAM_cw2/Content/Characters/Blueprints/Subs/beige_character.uasset" 473
"../../../G54GAM_cw2/Content/Interactive_Objects/Images/beige_activatable_platform.uasset" 474
"../../../G54GAM_cw2/Content/Interactive_Objects/Sprites/beige_activatable_platform_Sprite.uasset" 475
"../../../G54GAM_cw2/Content/Interactive_Objects/Blueprints/SubClasses/Travelators/beige_travelator.uasset" 476
"../../../G54GAM_cw2/Content/TileAssets/Platform_Tiles/Images/sand_tilesheetPadded.uasset" 477
"../../../G54GAM_cw2/Content/TileAssets/Platform_Tiles/TileSets/sand_tilesheet_TileSet.uasset" 478
"../../../G54GAM_cw2/Content/Levels/Level_2/Level_2_TileMap.uasset" 479
"../../../G54GAM_cw2/Content/Levels/Level_2/Level_2.umap" 480
"../../../G54GAM_cw2/Content/TileAssets/Platform_Tiles/Images/tundra_tilesheetPadded.uasset" 481
"../../../G54GAM_cw2/Content/TileAssets/Platform_Tiles/TileSets/tundra_tilesheet_TileSet.uasset" 482
"../../../G54GAM_cw2/Content/Levels/Level_3/Level_3_TileMap.uasset" 483
"../../../G54GAM_cw2/Content/Levels/Level_3/Level_3.umap" 484
"../../../Engine/Content/Maps/Entry.umap" 485
"../../../G54GAM_cw2/Content/TileAssets/Platform_Tiles/Images/purple_tilesheetPadded.uasset" 486
"../../../G54GAM_cw2/Content/TileAssets/Platform_Tiles/TileSets/purple_tilesheet_TileSet.uasset" 487
"../../../G54GAM_cw2/Content/Levels/Level_5/Level_5_TileMap.uasset" 488
"../../../G54GAM_cw2/Content/Levels/Level_5/Level_5.umap" 489
"../../../G54GAM_cw2/Content/Interactive_Objects/Blueprints/SubClasses/Transformers/green_transformer.uasset" 490
"../../../G54GAM_cw2/Content/Interactive_Objects/Images/pink_transformer_background.uasset" 491
"../../../G54GAM_cw2/Content/Interactive_Objects/Sprites/pink_transformer_background_Sprite.uasset" 492
"../../../G54GAM_cw2/Content/Interactive_Objects/Blueprints/SubClasses/Transformers/pink_transformer.uasset" 493
"../../../G54GAM_cw2/Content/Levels/Level_6/Level_6_TileMap.uasset" 494
"../../../G54GAM_cw2/Content/Levels/Level_6/Level_6.umap" 495
"../../../G54GAM_cw2/Content/TileAssets/Platform_Tiles/Images/cake_tilesheetPadded.uasset" 496
"../../../G54GAM_cw2/Content/TileAssets/Platform_Tiles/TileSets/cake_tilesheet_TileSet.uasset" 497
"../../../G54GAM_cw2/Content/Levels/Level_7/Level_7_TileMap.uasset" 498
"../../../G54GAM_cw2/Content/Levels/Level_7/Level_7.umap" 499
"../../../G54GAM_cw2/Content/Levels/Level_8/Level_8_TileMap.uasset" 500
"../../../G54GAM_cw2/Content/Levels/Level_8/Level_8.umap" 501
"../../../G54GAM_cw2/Content/Interactive_Objects/Blueprints/SubClasses/Elevators/green_elevator.uasset" 502
"../../../G54GAM_cw2/Content/Levels/Level_9/Level_9_TileMap.uasset" 503
"../../../G54GAM_cw2/Content/Levels/Level_9/Level_9.umap" 504
"../../../G54GAM_cw2/Content/Levels/Outro/Outro_Level.umap" 505
